[2022-11-30 08:56 Europe/Berlin] HTTP request of validation request:POST /cgi-bin/webscr HTTP/1.1
Host: www.sandbox.paypal.com
Accept: */*
Connection: Close
Content-Length: 20
Content-Type: application/x-www-form-urlencoded

 for IPN payload: cmd=_notify-validate
[2022-11-30 08:56 Europe/Berlin] HTTP response of validation request: HTTP/1.1 200 OK
Connection: close
Content-Length: 7
Content-Type: text/html; charset=utf-8
Cache-Control: max-age=0, no-cache, no-store, must-revalidate
Content-Security-Policy: default-src 'self' https://*.paypal.com https://*.paypalobjects.com 'unsafe-inline'; style-src 'self' https://*.paypal.com https://*.paypalobjects.com 'unsafe-inline'; script-src 'nonce-VBOWXqjU6DAY42diztznSBTK9wTxauM+ShdsaRE8MVDgUjs7' 'self' 'unsafe-inline' https://*.paypal.com https://*.paypalobjects.com; img-src 'self' https: data:; object-src 'none'; font-src 'self' https://*.paypal.com https://*.paypalobjects.com; frame-src 'self' https://*.paypalobjects.com https://*.paypal.com https://*.qualtrics.com; connect-src 'self' 'unsafe-inline' https://*.paypal.com https://*.paypalobjects.com https://*.qualtrics.com; form-action 'self' https://*.paypal.com; base-uri 'self' https://*.paypal.com; upgrade-insecure-requests;
Etag: W/"7-Ory3K5VGd+UTzTV4Xd/UXaIbp98"
Paypal-Debug-Id: a530fd21246ad
Set-Cookie: LANG=en_US%3BUS; Max-Age=31556; Domain=.paypal.com; Path=/; Expires=Wed, 30 Nov 2022 16:42:16 GMT; HttpOnly; Secure
Set-Cookie: enforce_policy=ccpa; Max-Age=31536000; Domain=.paypal.com; Path=/; Expires=Thu, 30 Nov 2023 07:56:20 GMT; Secure
Set-Cookie: x-pp-s=eyJ0IjoiMTY2OTc5NDk4MDM4MiIsImwiOiIwIiwibSI6IjAifQ; Domain=.paypal.com; Path=/; HttpOnly; Secure
Set-Cookie: tsrce=merchantnotifnodeweb; Domain=.paypal.com; Path=/; Expires=Sat, 03 Dec 2022 07:56:20 GMT; HttpOnly; Secure; SameSite=None
Set-Cookie: nsid=s%3AoFggVTAlUrpzVTfKzW1u18WMK_pVTXTz.eEdFcBbt1WpC2DX6D1e2akFuF8npr2vyskbTFg0Q%2FfM; Path=/; HttpOnly; Secure
Set-Cookie: ts=vreXpYrS%3D1764489380%26vteXpYrS%3D1669796780%26vr%3Dc789620d1840a6022c6310fbf7f0544d%26vt%3Dc789620d1840a6022c6310fbf7f0544c%26vtyp%3Dnew; Path=/; Domain=paypal.com; Expires=Sat, 29 Nov 2025 07:56:20 GMT; HttpOnly; Secure
Set-Cookie: ts_c=vr%3Dc789620d1840a6022c6310fbf7f0544d%26vt%3Dc789620d1840a6022c6310fbf7f0544c; Path=/; Domain=paypal.com; Expires=Sat, 29 Nov 2025 07:56:20 GMT; Secure
X-Content-Type-Options: nosniff
X-Frame-Options: SAMEORIGIN
X-Xss-Protection: 1; mode=block
Accept-Ranges: bytes
Via: 1.1 varnish, 1.1 varnish
Date: Wed, 30 Nov 2022 07:56:20 GMT
Strict-Transport-Security: max-age=63072000; includeSubDomains; preload
X-Served-By: cache-fra-eddf8230116-FRA, cache-hhn4036-HHN
X-Cache: MISS, MISS
X-Cache-Hits: 0, 0
X-Timer: S1669794980.293781,VS0,VE162
Vary: Accept-Encoding
Set-Cookie: x-cdn=fastly:HHN; Domain=paypal.com; Path=/; Secure

INVALID
